#! /usr/local/bin/vvp
:ivl_version "12.0 (stable)";
:ivl_delay_selection "TYPICAL";
:vpi_time_precision + 0;
:vpi_module "/usr/local/lib/ivl/system.vpi";
:vpi_module "/usr/local/lib/ivl/vhdl_sys.vpi";
:vpi_module "/usr/local/lib/ivl/vhdl_textio.vpi";
:vpi_module "/usr/local/lib/ivl/v2005_math.vpi";
:vpi_module "/usr/local/lib/ivl/va_math.vpi";
:vpi_module "/usr/local/lib/ivl/v2009.vpi";
S_0x3f3fe3c0 .scope package, "$unit" "$unit" 2 1;
 .timescale 0 0;
S_0x3f3fe550 .scope module, "tb_pipeline" "tb_pipeline" 3 1;
 .timescale 0 0;
v0x3f4144f0_0 .var "clk", 0 0;
v0x3f414590_0 .var "reset", 0 0;
S_0x3f3d3580 .scope module, "uut" "pipeline_processor" 3 5, 4 1 0, S_0x3f3fe550;
 .timescale 0 0;
    .port_info 0 /INPUT 1 "clk";
    .port_info 1 /INPUT 1 "reset";
v0x3f3e8bd0_0 .var "EX_WB", 7 0;
v0x3f413800_0 .var "ID_EX", 7 0;
v0x3f4138e0_0 .var "IF_ID", 7 0;
v0x3f4139d0_0 .var "alu_result", 7 0;
v0x3f413ab0_0 .net "clk", 0 0, v0x3f4144f0_0;  1 drivers
v0x3f413bc0 .array "data_memory", 15 0, 7 0;
v0x3f413c80 .array "instruction_memory", 15 0, 7 0;
v0x3f413d40_0 .var "load_data", 7 0;
v0x3f413e20_0 .var "opcode", 1 0;
v0x3f413f90_0 .var "pc", 3 0;
v0x3f414070_0 .var "rd", 1 0;
v0x3f414150 .array "reg_file", 3 0, 7 0;
v0x3f414210_0 .net "reset", 0 0, v0x3f414590_0;  1 drivers
v0x3f4142d0_0 .var "rs1", 1 0;
v0x3f4143b0_0 .var "rs2", 1 0;
E_0x3f3d3760 .event posedge, v0x3f413ab0_0;
E_0x3f3d37a0 .event posedge, v0x3f414210_0, v0x3f413ab0_0;
    .scope S_0x3f3d3580;
T_0 ;
    %wait E_0x3f3d37a0;
    %load/vec4 v0x3f414210_0;
    %flag_set/vec4 8;
    %jmp/0xz  T_0.0, 8;
    %pushi/vec4 0, 0, 4;
    %assign/vec4 v0x3f413f90_0, 0;
    %jmp T_0.1;
T_0.0 ;
    %load/vec4 v0x3f413f90_0;
    %pad/u 6;
    %ix/vec4 4;
    %load/vec4a v0x3f413c80, 4;
    %assign/vec4 v0x3f4138e0_0, 0;
    %load/vec4 v0x3f413f90_0;
    %addi 1, 0, 4;
    %assign/vec4 v0x3f413f90_0, 0;
T_0.1 ;
    %jmp T_0;
    .thread T_0;
    .scope S_0x3f3d3580;
T_1 ;
    %wait E_0x3f3d3760;
    %load/vec4 v0x3f4138e0_0;
    %parti/s 2, 6, 4;
    %assign/vec4 v0x3f413e20_0, 0;
    %load/vec4 v0x3f4138e0_0;
    %parti/s 2, 4, 4;
    %assign/vec4 v0x3f414070_0, 0;
    %load/vec4 v0x3f4138e0_0;
    %parti/s 2, 2, 3;
    %assign/vec4 v0x3f4142d0_0, 0;
    %load/vec4 v0x3f4138e0_0;
    %parti/s 2, 0, 2;
    %assign/vec4 v0x3f4143b0_0, 0;
    %load/vec4 v0x3f4138e0_0;
    %assign/vec4 v0x3f413800_0, 0;
    %jmp T_1;
    .thread T_1;
    .scope S_0x3f3d3580;
T_2 ;
    %wait E_0x3f3d3760;
    %load/vec4 v0x3f413e20_0;
    %dup/vec4;
    %pushi/vec4 0, 0, 2;
    %cmp/u;
    %jmp/1 T_2.0, 6;
    %dup/vec4;
    %pushi/vec4 1, 0, 2;
    %cmp/u;
    %jmp/1 T_2.1, 6;
    %dup/vec4;
    %pushi/vec4 2, 0, 2;
    %cmp/u;
    %jmp/1 T_2.2, 6;
    %jmp T_2.3;
T_2.0 ;
    %load/vec4 v0x3f4142d0_0;
    %pad/u 4;
    %ix/vec4 4;
    %load/vec4a v0x3f414150, 4;
    %load/vec4 v0x3f4143b0_0;
    %pad/u 4;
    %ix/vec4 4;
    %load/vec4a v0x3f414150, 4;
    %add;
    %assign/vec4 v0x3f4139d0_0, 0;
    %jmp T_2.3;
T_2.1 ;
    %load/vec4 v0x3f4142d0_0;
    %pad/u 4;
    %ix/vec4 4;
    %load/vec4a v0x3f414150, 4;
    %load/vec4 v0x3f4143b0_0;
    %pad/u 4;
    %ix/vec4 4;
    %load/vec4a v0x3f414150, 4;
    %sub;
    %assign/vec4 v0x3f4139d0_0, 0;
    %jmp T_2.3;
T_2.2 ;
    %load/vec4 v0x3f4142d0_0;
    %pad/u 4;
    %ix/vec4 4;
    %load/vec4a v0x3f414150, 4;
    %assign/vec4 v0x3f4139d0_0, 0;
    %jmp T_2.3;
T_2.3 ;
    %pop/vec4 1;
    %load/vec4 v0x3f413800_0;
    %assign/vec4 v0x3f3e8bd0_0, 0;
    %jmp T_2;
    .thread T_2;
    .scope S_0x3f3d3580;
T_3 ;
    %wait E_0x3f3d3760;
    %load/vec4 v0x3f413e20_0;
    %dup/vec4;
    %pushi/vec4 0, 0, 2;
    %cmp/u;
    %jmp/1 T_3.0, 6;
    %dup/vec4;
    %pushi/vec4 1, 0, 2;
    %cmp/u;
    %jmp/1 T_3.1, 6;
    %dup/vec4;
    %pushi/vec4 2, 0, 2;
    %cmp/u;
    %jmp/1 T_3.2, 6;
    %jmp T_3.3;
T_3.0 ;
    %load/vec4 v0x3f4139d0_0;
    %load/vec4 v0x3f414070_0;
    %pad/u 4;
    %ix/vec4 3;
    %ix/load 4, 0, 0; Constant delay
    %assign/vec4/a/d v0x3f414150, 0, 4;
    %jmp T_3.3;
T_3.1 ;
    %load/vec4 v0x3f4139d0_0;
    %load/vec4 v0x3f414070_0;
    %pad/u 4;
    %ix/vec4 3;
    %ix/load 4, 0, 0; Constant delay
    %assign/vec4/a/d v0x3f414150, 0, 4;
    %jmp T_3.3;
T_3.2 ;
    %ix/getv 4, v0x3f4139d0_0;
    %load/vec4a v0x3f413bc0, 4;
    %assign/vec4 v0x3f413d40_0, 0;
    %load/vec4 v0x3f413d40_0;
    %load/vec4 v0x3f414070_0;
    %pad/u 4;
    %ix/vec4 3;
    %ix/load 4, 0, 0; Constant delay
    %assign/vec4/a/d v0x3f414150, 0, 4;
    %jmp T_3.3;
T_3.3 ;
    %pop/vec4 1;
    %jmp T_3;
    .thread T_3;
    .scope S_0x3f3fe550;
T_4 ;
    %delay 5, 0;
    %load/vec4 v0x3f4144f0_0;
    %inv;
    %store/vec4 v0x3f4144f0_0, 0, 1;
    %jmp T_4;
    .thread T_4;
    .scope S_0x3f3fe550;
T_5 ;
    %pushi/vec4 0, 0, 1;
    %store/vec4 v0x3f4144f0_0, 0, 1;
    %pushi/vec4 1, 0, 1;
    %store/vec4 v0x3f414590_0, 0, 1;
    %delay 10, 0;
    %pushi/vec4 0, 0, 1;
    %store/vec4 v0x3f414590_0, 0, 1;
    %pushi/vec4 25, 0, 8;
    %ix/load 4, 0, 0;
    %flag_set/imm 4, 0;
    %store/vec4a v0x3f413c80, 4, 0;
    %pushi/vec4 89, 0, 8;
    %ix/load 4, 1, 0;
    %flag_set/imm 4, 0;
    %store/vec4a v0x3f413c80, 4, 0;
    %pushi/vec4 144, 0, 8;
    %ix/load 4, 2, 0;
    %flag_set/imm 4, 0;
    %store/vec4a v0x3f413c80, 4, 0;
    %pushi/vec4 5, 0, 8;
    %ix/load 4, 0, 0;
    %flag_set/imm 4, 0;
    %store/vec4a v0x3f414150, 4, 0;
    %pushi/vec4 3, 0, 8;
    %ix/load 4, 1, 0;
    %flag_set/imm 4, 0;
    %store/vec4a v0x3f414150, 4, 0;
    %pushi/vec4 2, 0, 8;
    %ix/load 4, 2, 0;
    %flag_set/imm 4, 0;
    %store/vec4a v0x3f414150, 4, 0;
    %pushi/vec4 10, 0, 8;
    %ix/load 4, 2, 0;
    %flag_set/imm 4, 0;
    %store/vec4a v0x3f413bc0, 4, 0;
    %delay 100, 0;
    %vpi_call/w 3 32 "$finish" {0 0 0};
    %end;
    .thread T_5;
# The file index is used to find the file name in the following table.
:file_names 5;
    "N/A";
    "<interactive>";
    "-";
    "testbench.sv";
    "design.sv";
